Performing C SOURCE FILE Test CMAKE_HAVE_LIBC_PTHREAD failed with the following output:
Change Dir: /mnt/d/work/vscode/cmake/buildlinux/CMakeFiles/CMakeTmp

Run Build Command(s):/usr/bin/make cmTC_432d6/fast && /usr/bin/make -f CMakeFiles/cmTC_432d6.dir/build.make CMakeFiles/cmTC_432d6.dir/build
make[1]: Entering directory '/mnt/d/work/vscode/cmake/buildlinux/CMakeFiles/CMakeTmp'
Building C object CMakeFiles/cmTC_432d6.dir/src.c.o
/usr/bin/cc   -DCMAKE_HAVE_LIBC_PTHREAD   -std=gnu11 -o CMakeFiles/cmTC_432d6.dir/src.c.o   -c /mnt/d/work/vscode/cmake/buildlinux/CMakeFiles/CMakeTmp/src.c
Linking C executable cmTC_432d6
/usr/bin/cmake -E cmake_link_script CMakeFiles/cmTC_432d6.dir/link.txt --verbose=1
/usr/bin/cc  -DCMAKE_HAVE_LIBC_PTHREAD    CMakeFiles/cmTC_432d6.dir/src.c.o  -o cmTC_432d6 
/usr/bin/ld: CMakeFiles/cmTC_432d6.dir/src.c.o: in function `main':
src.c:(.text+0x46): undefined reference to `pthread_create'
/usr/bin/ld: src.c:(.text+0x52): undefined reference to `pthread_detach'
/usr/bin/ld: src.c:(.text+0x63): undefined reference to `pthread_join'
collect2: 笨蛋！ld 返回 1
make[1]: *** [CMakeFiles/cmTC_432d6.dir/build.make:87: cmTC_432d6] Error 1
make[1]: Leaving directory '/mnt/d/work/vscode/cmake/buildlinux/CMakeFiles/CMakeTmp'
make: *** [Makefile:121: cmTC_432d6/fast] Error 2


Source file was:
#include <pthread.h>

void* test_func(void* data)
{
  return data;
}

int main(void)
{
  pthread_t thread;
  pthread_create(&thread, NULL, test_func, NULL);
  pthread_detach(thread);
  pthread_join(thread, NULL);
  pthread_atfork(NULL, NULL, NULL);
  pthread_exit(NULL);

  return 0;
}

Determining if the function pthread_create exists in the pthreads failed with the following output:
Change Dir: /mnt/d/work/vscode/cmake/buildlinux/CMakeFiles/CMakeTmp

Run Build Command(s):/usr/bin/make cmTC_6c132/fast && /usr/bin/make -f CMakeFiles/cmTC_6c132.dir/build.make CMakeFiles/cmTC_6c132.dir/build
make[1]: Entering directory '/mnt/d/work/vscode/cmake/buildlinux/CMakeFiles/CMakeTmp'
Building C object CMakeFiles/cmTC_6c132.dir/CheckFunctionExists.c.o
/usr/bin/cc   -DCHECK_FUNCTION_EXISTS=pthread_create   -std=gnu11 -o CMakeFiles/cmTC_6c132.dir/CheckFunctionExists.c.o   -c /usr/share/cmake-3.16/Modules/CheckFunctionExists.c
Linking C executable cmTC_6c132
/usr/bin/cmake -E cmake_link_script CMakeFiles/cmTC_6c132.dir/link.txt --verbose=1
/usr/bin/cc  -DCHECK_FUNCTION_EXISTS=pthread_create    CMakeFiles/cmTC_6c132.dir/CheckFunctionExists.c.o  -o cmTC_6c132  -lpthreads 
/usr/bin/ld: cannot find -lpthreads
collect2: 笨蛋！ld 返回 1
make[1]: *** [CMakeFiles/cmTC_6c132.dir/build.make:87: cmTC_6c132] Error 1
make[1]: Leaving directory '/mnt/d/work/vscode/cmake/buildlinux/CMakeFiles/CMakeTmp'
make: *** [Makefile:121: cmTC_6c132/fast] Error 2



